<?xml version="1.0" encoding="UTF-8"?>
<coverage generated="1650064157636" clover="3.2.0">
  <project timestamp="1650064157636" name="All files">
    <metrics statements="21" coveredstatements="21" conditionals="2" coveredconditionals="2" methods="4" coveredmethods="4" elements="27" coveredelements="27" complexity="0" loc="21" ncloc="21" packages="1" files="1" classes="1"/>
    <file name="planet-age.js" path="/Users/jamesfox/Desktop/Epicodus/planet_life/src/planet-age.js">
      <metrics statements="21" coveredstatements="21" conditionals="2" coveredconditionals="2" methods="4" coveredmethods="4"/>
      <line num="3" count="10" type="stmt"/>
      <line num="4" count="10" type="stmt"/>
      <line num="5" count="10" type="stmt"/>
      <line num="19" count="10" type="stmt"/>
      <line num="20" count="10" type="cond" truecount="2" falsecount="0"/>
      <line num="21" count="2" type="stmt"/>
      <line num="23" count="8" type="stmt"/>
      <line num="28" count="32" type="stmt"/>
      <line num="29" count="32" type="stmt"/>
      <line num="33" count="3" type="stmt"/>
      <line num="34" count="12" type="stmt"/>
      <line num="35" count="12" type="stmt"/>
      <line num="36" count="12" type="stmt"/>
      <line num="37" count="12" type="stmt"/>
      <line num="38" count="12" type="stmt"/>
      <line num="39" count="12" type="stmt"/>
      <line num="40" count="12" type="stmt"/>
      <line num="41" count="12" type="stmt"/>
      <line num="46" count="14" type="stmt"/>
      <line num="50" count="14" type="stmt"/>
      <line num="51" count="14" type="stmt"/>
    </file>
  </project>
</coverage>
