<?xml version="1.0" encoding="UTF-8"?>
<coverage generated="1650053262772" clover="3.2.0">
  <project timestamp="1650053262772" name="All files">
    <metrics statements="19" coveredstatements="19" conditionals="2" coveredconditionals="2" methods="4" coveredmethods="4" elements="25" coveredelements="25" complexity="0" loc="19" ncloc="19" packages="1" files="1" classes="1"/>
    <file name="planet-age.js" path="/Users/jamesfox/Desktop/Epicodus/planet_life/src/planet-age.js">
      <metrics statements="19" coveredstatements="19" conditionals="2" coveredconditionals="2" methods="4" coveredmethods="4"/>
      <line num="3" count="10" type="stmt"/>
      <line num="4" count="10" type="stmt"/>
      <line num="5" count="10" type="stmt"/>
      <line num="15" count="10" type="stmt"/>
      <line num="16" count="10" type="cond" truecount="2" falsecount="0"/>
      <line num="17" count="2" type="stmt"/>
      <line num="19" count="8" type="stmt"/>
      <line num="24" count="32" type="stmt"/>
      <line num="25" count="32" type="stmt"/>
      <line num="29" count="3" type="stmt"/>
      <line num="30" count="12" type="stmt"/>
      <line num="31" count="12" type="stmt"/>
      <line num="32" count="12" type="stmt"/>
      <line num="33" count="12" type="stmt"/>
      <line num="34" count="12" type="stmt"/>
      <line num="35" count="12" type="stmt"/>
      <line num="40" count="14" type="stmt"/>
      <line num="44" count="14" type="stmt"/>
      <line num="45" count="14" type="stmt"/>
    </file>
  </project>
</coverage>
