{"/Users/jamesfox/Desktop/Epicodus/planet_life/src/planet-age.js": {"path":"/Users/jamesfox/Desktop/Epicodus/planet_life/src/planet-age.js","statementMap":{"0":{"start":{"line":3,"column":4},"end":{"line":3,"column":19}},"1":{"start":{"line":4,"column":4},"end":{"line":4,"column":41}},"2":{"start":{"line":5,"column":4},"end":{"line":14,"column":6}},"3":{"start":{"line":15,"column":4},"end":{"line":19,"column":5}},"4":{"start":{"line":16,"column":6},"end":{"line":16,"column":37}},"5":{"start":{"line":18,"column":6},"end":{"line":18,"column":38}},"6":{"start":{"line":23,"column":19},"end":{"line":23,"column":36}},"7":{"start":{"line":24,"column":4},"end":{"line":24,"column":40}},"8":{"start":{"line":28,"column":4},"end":{"line":37,"column":5}},"9":{"start":{"line":28,"column":17},"end":{"line":28,"column":18}},"10":{"start":{"line":29,"column":6},"end":{"line":32,"column":8}},"11":{"start":{"line":33,"column":6},"end":{"line":36,"column":8}},"12":{"start":{"line":41,"column":32},"end":{"line":44,"column":5}},"13":{"start":{"line":45,"column":23},"end":{"line":45,"column":54}},"14":{"start":{"line":46,"column":4},"end":{"line":46,"column":54}}},"fnMap":{"0":{"name":"(anonymous_0)","decl":{"start":{"line":2,"column":2},"end":{"line":2,"column":3}},"loc":{"start":{"line":2,"column":35},"end":{"line":20,"column":3}},"line":2},"1":{"name":"(anonymous_1)","decl":{"start":{"line":22,"column":2},"end":{"line":22,"column":3}},"loc":{"start":{"line":22,"column":32},"end":{"line":25,"column":3}},"line":22},"2":{"name":"(anonymous_2)","decl":{"start":{"line":27,"column":2},"end":{"line":27,"column":3}},"loc":{"start":{"line":27,"column":32},"end":{"line":38,"column":3}},"line":27},"3":{"name":"(anonymous_3)","decl":{"start":{"line":40,"column":2},"end":{"line":40,"column":3}},"loc":{"start":{"line":40,"column":37},"end":{"line":47,"column":3}},"line":40}},"branchMap":{"0":{"loc":{"start":{"line":15,"column":4},"end":{"line":19,"column":5}},"type":"if","locations":[{"start":{"line":15,"column":4},"end":{"line":19,"column":5}},{"start":{"line":15,"column":4},"end":{"line":19,"column":5}}],"line":15}},"s":{"0":10,"1":10,"2":10,"3":10,"4":2,"5":8,"6":32,"7":32,"8":3,"9":3,"10":12,"11":12,"12":14,"13":14,"14":14},"f":{"0":10,"1":32,"2":3,"3":14},"b":{"0":[2,8]},"_coverageSchema":"43e27e138ebf9cfc5966b082cf9a028302ed4184","hash":"09c5743553cb5ff6af0fa839a24cfeaf588fcd2e"}
}
