{"/Users/jamesfox/Desktop/Epicodus/planet_life/src/planet-age.js": {"path":"/Users/jamesfox/Desktop/Epicodus/planet_life/src/planet-age.js","statementMap":{"0":{"start":{"line":3,"column":4},"end":{"line":3,"column":19}},"1":{"start":{"line":4,"column":4},"end":{"line":4,"column":41}},"2":{"start":{"line":5,"column":4},"end":{"line":14,"column":6}},"3":{"start":{"line":15,"column":4},"end":{"line":15,"column":23}},"4":{"start":{"line":16,"column":4},"end":{"line":20,"column":5}},"5":{"start":{"line":17,"column":6},"end":{"line":17,"column":37}},"6":{"start":{"line":19,"column":6},"end":{"line":19,"column":38}},"7":{"start":{"line":24,"column":19},"end":{"line":24,"column":36}},"8":{"start":{"line":25,"column":4},"end":{"line":25,"column":40}},"9":{"start":{"line":29,"column":4},"end":{"line":36,"column":5}},"10":{"start":{"line":29,"column":17},"end":{"line":29,"column":18}},"11":{"start":{"line":30,"column":18},"end":{"line":30,"column":20}},"12":{"start":{"line":31,"column":24},"end":{"line":31,"column":75}},"13":{"start":{"line":32,"column":6},"end":{"line":32,"column":28}},"14":{"start":{"line":33,"column":6},"end":{"line":33,"column":70}},"15":{"start":{"line":34,"column":6},"end":{"line":34,"column":38}},"16":{"start":{"line":35,"column":6},"end":{"line":35,"column":32}},"17":{"start":{"line":40,"column":32},"end":{"line":43,"column":5}},"18":{"start":{"line":44,"column":23},"end":{"line":44,"column":54}},"19":{"start":{"line":45,"column":4},"end":{"line":45,"column":54}}},"fnMap":{"0":{"name":"(anonymous_0)","decl":{"start":{"line":2,"column":2},"end":{"line":2,"column":3}},"loc":{"start":{"line":2,"column":35},"end":{"line":21,"column":3}},"line":2},"1":{"name":"(anonymous_1)","decl":{"start":{"line":23,"column":2},"end":{"line":23,"column":3}},"loc":{"start":{"line":23,"column":32},"end":{"line":26,"column":3}},"line":23},"2":{"name":"(anonymous_2)","decl":{"start":{"line":28,"column":2},"end":{"line":28,"column":3}},"loc":{"start":{"line":28,"column":21},"end":{"line":37,"column":3}},"line":28},"3":{"name":"(anonymous_3)","decl":{"start":{"line":39,"column":2},"end":{"line":39,"column":3}},"loc":{"start":{"line":39,"column":37},"end":{"line":46,"column":3}},"line":39}},"branchMap":{"0":{"loc":{"start":{"line":16,"column":4},"end":{"line":20,"column":5}},"type":"if","locations":[{"start":{"line":16,"column":4},"end":{"line":20,"column":5}},{"start":{"line":16,"column":4},"end":{"line":20,"column":5}}],"line":16}},"s":{"0":10,"1":10,"2":10,"3":10,"4":10,"5":2,"6":8,"7":32,"8":32,"9":3,"10":3,"11":12,"12":12,"13":12,"14":12,"15":12,"16":12,"17":14,"18":14,"19":14},"f":{"0":10,"1":32,"2":3,"3":14},"b":{"0":[2,8]},"_coverageSchema":"43e27e138ebf9cfc5966b082cf9a028302ed4184","hash":"be65bcba1604be8ebee69704df32b93f5d58f843"}
}
