TN:
SF:/Users/jamesfox/Desktop/Epicodus/planet_life/src/planet-age.js
FN:2,(anonymous_0)
FN:18,(anonymous_1)
FN:26,(anonymous_2)
FN:31,(anonymous_3)
FN:42,(anonymous_4)
FNF:5
FNH:5
FNDA:10,(anonymous_0)
FNDA:4,(anonymous_1)
FNDA:32,(anonymous_2)
FNDA:3,(anonymous_3)
FNDA:14,(anonymous_4)
DA:3,10
DA:4,10
DA:5,10
DA:15,10
DA:19,4
DA:20,2
DA:22,2
DA:27,32
DA:28,32
DA:32,3
DA:33,12
DA:34,12
DA:35,12
DA:36,12
DA:37,12
DA:38,12
DA:43,14
DA:47,14
DA:48,14
LF:19
LH:19
BRDA:19,0,0,2
BRDA:19,0,1,2
BRF:2
BRH:2
end_of_record
